<?xml version="1.0" encoding="UTF-8"?>
<!-- Generated by org.testng.reporters.JUnitReportReporter -->
<testsuite skipped="0" hostname="LAPTOP-H94F2OD5" name="Teknasyon.Teknasyon.PaintingTest" tests="1" failures="0" timestamp="2021-07-08T01:03:14 EET" time="38.393" errors="0">
  <testcase name="painting" time="38.393" classname="Teknasyon.Teknasyon.PaintingTest"/>
  <system-out/>
</testsuite> <!-- Teknasyon.Teknasyon.PaintingTest -->
