<?xml version="1.0" encoding="UTF-8"?>
<!-- Generated by org.testng.reporters.JUnitReportReporter -->
<testsuite skipped="0" hostname="LAPTOP-H94F2OD5" name="Teknasyon.Teknasyon.SelectLanguageTest" tests="1" failures="0" timestamp="2021-07-07T21:29:39 EET" time="35.227" errors="0">
  <testcase name="selectLanguage" time="35.227" classname="Teknasyon.Teknasyon.SelectLanguageTest"/>
  <system-out/>
</testsuite> <!-- Teknasyon.Teknasyon.SelectLanguageTest -->
