<?xml version="1.0" encoding="UTF-8"?>
<!-- Generated by org.testng.reporters.JUnitReportReporter -->
<testsuite skipped="0" hostname="LAPTOP-H94F2OD5" name="Teknasyon.Teknasyon.ElementCheckTest" tests="1" failures="0" timestamp="2021-07-08T00:10:49 EET" time="21.037" errors="0">
  <testcase name="checkElements" time="21.037" classname="Teknasyon.Teknasyon.ElementCheckTest"/>
  <system-out/>
</testsuite> <!-- Teknasyon.Teknasyon.ElementCheckTest -->
