<?xml version="1.0" encoding="UTF-8"?>
<!-- Generated by org.testng.reporters.JUnitReportReporter -->
<testsuite skipped="0" hostname="LAPTOP-H94F2OD5" name="Teknasyon.Teknasyon.MyWorksTest" tests="1" failures="0" timestamp="2021-07-07T20:02:07 EET" time="17.988" errors="0">
  <testcase name="MyWorks" time="17.988" classname="Teknasyon.Teknasyon.MyWorksTest"/>
  <system-out/>
</testsuite> <!-- Teknasyon.Teknasyon.MyWorksTest -->
